{"/Users/diegomieth/Desktop/gitHubSearcherReset/app/app.js": {"path":"/Users/diegomieth/Desktop/gitHubSearcherReset/app/app.js","statementMap":{"0":{"start":{"line":2,"column":13},"end":{"line":2,"column":28}},"1":{"start":{"line":4,"column":16},"end":{"line":4,"column":34}},"2":{"start":{"line":5,"column":21},"end":{"line":5,"column":45}},"3":{"start":{"line":7,"column":11},"end":{"line":7,"column":43}},"4":{"start":{"line":9,"column":19},"end":{"line":9,"column":50}},"5":{"start":{"line":10,"column":23},"end":{"line":10,"column":58}},"6":{"start":{"line":12,"column":12},"end":{"line":12,"column":21}},"7":{"start":{"line":13,"column":0},"end":{"line":13,"column":28}},"8":{"start":{"line":14,"column":0},"end":{"line":14,"column":57}},"9":{"start":{"line":15,"column":0},"end":{"line":15,"column":62}},"10":{"start":{"line":16,"column":0},"end":{"line":16,"column":29}},"11":{"start":{"line":17,"column":0},"end":{"line":17,"column":23}},"12":{"start":{"line":18,"column":0},"end":{"line":18,"column":23}},"13":{"start":{"line":20,"column":0},"end":{"line":20,"column":36}},"14":{"start":{"line":21,"column":0},"end":{"line":21,"column":19}},"15":{"start":{"line":23,"column":0},"end":{"line":23,"column":20}}},"fnMap":{},"branchMap":{},"s":{"0":2,"1":2,"2":2,"3":2,"4":2,"5":2,"6":2,"7":2,"8":2,"9":2,"10":2,"11":2,"12":2,"13":2,"14":2,"15":2},"f":{},"b":{},"_coverageSchema":"1a1c01bbd47fc00a2c39e90264f33305004495a9","hash":"ae390de47b272d888f3919f0c3482042456bdb1c"}
,"/Users/diegomieth/Desktop/gitHubSearcherReset/app/controllers/pageCtrl.js": {"path":"/Users/diegomieth/Desktop/gitHubSearcherReset/app/controllers/pageCtrl.js","statementMap":{"0":{"start":{"line":11,"column":0},"end":{"line":13,"column":1}},"1":{"start":{"line":12,"column":4},"end":{"line":12,"column":26}}},"fnMap":{"0":{"name":"(anonymous_0)","decl":{"start":{"line":11,"column":19},"end":{"line":11,"column":20}},"loc":{"start":{"line":11,"column":37},"end":{"line":13,"column":1}},"line":11}},"branchMap":{},"s":{"0":2,"1":1},"f":{"0":1},"b":{},"_coverageSchema":"1a1c01bbd47fc00a2c39e90264f33305004495a9","hash":"559378dead89f3c526ebcc1220cce733ba19ba68"}
,"/Users/diegomieth/Desktop/gitHubSearcherReset/app/routers/pageRouter.js": {"path":"/Users/diegomieth/Desktop/gitHubSearcherReset/app/routers/pageRouter.js","statementMap":{"0":{"start":{"line":4,"column":16},"end":{"line":4,"column":34}},"1":{"start":{"line":6,"column":19},"end":{"line":6,"column":35}},"2":{"start":{"line":8,"column":17},"end":{"line":8,"column":51}},"3":{"start":{"line":10,"column":0},"end":{"line":10,"column":37}},"4":{"start":{"line":12,"column":0},"end":{"line":12,"column":27}}},"fnMap":{},"branchMap":{},"s":{"0":2,"1":2,"2":2,"3":2,"4":2},"f":{},"b":{},"_coverageSchema":"1a1c01bbd47fc00a2c39e90264f33305004495a9","hash":"d73138aaee51904dbf521ce8798ec9512309ed6f"}
,"/Users/diegomieth/Desktop/gitHubSearcherReset/app/routers/servicesRouter.js": {"path":"/Users/diegomieth/Desktop/gitHubSearcherReset/app/routers/servicesRouter.js","statementMap":{"0":{"start":{"line":4,"column":16},"end":{"line":4,"column":34}},"1":{"start":{"line":6,"column":23},"end":{"line":6,"column":39}},"2":{"start":{"line":8,"column":21},"end":{"line":8,"column":59}},"3":{"start":{"line":10,"column":0},"end":{"line":10,"column":62}},"4":{"start":{"line":11,"column":0},"end":{"line":11,"column":65}},"5":{"start":{"line":12,"column":0},"end":{"line":12,"column":72}},"6":{"start":{"line":14,"column":0},"end":{"line":14,"column":31}}},"fnMap":{},"branchMap":{},"s":{"0":2,"1":2,"2":2,"3":2,"4":2,"5":2,"6":2},"f":{},"b":{},"_coverageSchema":"1a1c01bbd47fc00a2c39e90264f33305004495a9","hash":"719381f2dc8f3e639235975b43adc2ffedceb0c9"}
}
